<?xml version="1.0" encoding="UTF-8"?>
<testng-results ignored="0" total="1" passed="1" failed="0" skipped="0">
  <reporter-output>
  </reporter-output>
  <suite started-at="2021-12-23T21:49:24 IST" name="Default suite" finished-at="2021-12-23T21:49:38 IST" duration-ms="13157">
    <groups>
    </groups>
    <test started-at="2021-12-23T21:49:24 IST" name="Default test" finished-at="2021-12-23T21:49:38 IST" duration-ms="13157">
      <class name="com.test.FirstTest">
        <test-method signature="methodOne()[pri:0, instance:com.test.FirstTest@6497b078]" started-at="2021-12-23T21:49:25 IST" name="methodOne" finished-at="2021-12-23T21:49:38 IST" duration-ms="13135" status="PASS">
          <reporter-output>
          </reporter-output>
        </test-method> <!-- methodOne -->
      </class> <!-- com.test.FirstTest -->
    </test> <!-- Default test -->
  </suite> <!-- Default suite -->
</testng-results>
